<?xml version="1.0" encoding="UTF-8"?>
<testsuites name="jest tests" tests="21" failures="8" errors="0" time="34.152">
  <testsuite name="RequestRouter" errors="0" failures="0" skipped="0" timestamp="2026-01-14T04:12:18" time="24.989" tests="3">
    <testcase classname="RequestRouter route should route resume-build workflow to resume, assistant, and latex workers" name="RequestRouter route should route resume-build workflow to resume, assistant, and latex workers" time="0.013">
    </testcase>
    <testcase classname="RequestRouter route should route expert-research workflow to agent-tool, data-processing, and assistant workers" name="RequestRouter route should route expert-research workflow to agent-tool, data-processing, and assistant workers" time="0.002">
    </testcase>
    <testcase classname="RequestRouter route should route single-worker workflow to assistant when prompt is present" name="RequestRouter route should route single-worker workflow to assistant when prompt is present" time="0.001">
    </testcase>
  </testsuite>
  <testsuite name="OrchestrationRequest" errors="0" failures="1" skipped="0" timestamp="2026-01-14T04:12:18" time="25.596" tests="8">
    <testcase classname="OrchestrationRequest updateStatus should update status and set completedAt when completed" name="OrchestrationRequest updateStatus should update status and set completedAt when completed" time="0.019">
      <failure>Error: expect(received).toBe(expected) // Object.is equality

Expected: &quot;test&quot;
Received: {&quot;result&quot;: &quot;test&quot;}
    at Object.&lt;anonymous&gt; (/mnt/windows/Users/chris/Engineering/EnginEdge/enginedge-core/hexagon/src/domain/entities/orchestration-request.entity.spec.ts:23:30)
    at Promise.then.completed (/mnt/windows/Users/chris/Engineering/EnginEdge/enginedge-core/hexagon/node_modules/jest-circus/build/utils.js:298:28)
    at new Promise (&lt;anonymous&gt;)
    at callAsyncCircusFn (/mnt/windows/Users/chris/Engineering/EnginEdge/enginedge-core/hexagon/node_modules/jest-circus/build/utils.js:231:10)
    at _callCircusTest (/mnt/windows/Users/chris/Engineering/EnginEdge/enginedge-core/hexagon/node_modules/jest-circus/build/run.js:316:40)
    at processTicksAndRejections (node:internal/process/task_queues:103:5)
    at _runTest (/mnt/windows/Users/chris/Engineering/EnginEdge/enginedge-core/hexagon/node_modules/jest-circus/build/run.js:252:3)
    at _runTestsForDescribeBlock (/mnt/windows/Users/chris/Engineering/EnginEdge/enginedge-core/hexagon/node_modules/jest-circus/build/run.js:126:9)
    at _runTestsForDescribeBlock (/mnt/windows/Users/chris/Engineering/EnginEdge/enginedge-core/hexagon/node_modules/jest-circus/build/run.js:121:9)
    at _runTestsForDescribeBlock (/mnt/windows/Users/chris/Engineering/EnginEdge/enginedge-core/hexagon/node_modules/jest-circus/build/run.js:121:9)
    at run (/mnt/windows/Users/chris/Engineering/EnginEdge/enginedge-core/hexagon/node_modules/jest-circus/build/run.js:71:3)
    at runAndTransformResultsToJestFormat (/mnt/windows/Users/chris/Engineering/EnginEdge/enginedge-core/hexagon/node_modules/jest-circus/build/legacy-code-todo-rewrite/jestAdapterInit.js:122:21)
    at jestAdapter (/mnt/windows/Users/chris/Engineering/EnginEdge/enginedge-core/hexagon/node_modules/jest-circus/build/legacy-code-todo-rewrite/jestAdapter.js:79:19)
    at runTestInternal (/mnt/windows/Users/chris/Engineering/EnginEdge/enginedge-core/hexagon/node_modules/jest-runner/build/runTest.js:367:16)
    at runTest (/mnt/windows/Users/chris/Engineering/EnginEdge/enginedge-core/hexagon/node_modules/jest-runner/build/runTest.js:444:34)
    at Object.worker (/mnt/windows/Users/chris/Engineering/EnginEdge/enginedge-core/hexagon/node_modules/jest-runner/build/testWorker.js:108:12)</failure>
    </testcase>
    <testcase classname="OrchestrationRequest updateStatus should update status and set error when failed" name="OrchestrationRequest updateStatus should update status and set error when failed" time="0.006">
    </testcase>
    <testcase classname="OrchestrationRequest addWorkerAssignment should add worker assignment to workers array" name="OrchestrationRequest addWorkerAssignment should add worker assignment to workers array" time="0.003">
    </testcase>
    <testcase classname="OrchestrationRequest isComplete should return true when status is completed" name="OrchestrationRequest isComplete should return true when status is completed" time="0.001">
    </testcase>
    <testcase classname="OrchestrationRequest isComplete should return true when status is failed" name="OrchestrationRequest isComplete should return true when status is failed" time="0.002">
    </testcase>
    <testcase classname="OrchestrationRequest isComplete should return false when status is pending" name="OrchestrationRequest isComplete should return false when status is pending" time="0.001">
    </testcase>
    <testcase classname="OrchestrationRequest allWorkersComplete should return true when all workers are completed" name="OrchestrationRequest allWorkersComplete should return true when all workers are completed" time="0.002">
    </testcase>
    <testcase classname="OrchestrationRequest allWorkersComplete should return false when any worker is pending" name="OrchestrationRequest allWorkersComplete should return false when any worker is pending" time="0.001">
    </testcase>
  </testsuite>
  <testsuite name="WorkflowOrchestrationService" errors="0" failures="1" skipped="0" timestamp="2026-01-14T04:12:18" time="28.936" tests="1">
    <testcase classname="WorkflowOrchestrationService orchestrateWorkflow should orchestrate resume-build workflow" name="WorkflowOrchestrationService orchestrateWorkflow should orchestrate resume-build workflow" time="0.028">
      <failure>Error: Nest can&apos;t resolve dependencies of the WorkflowOrchestrationService (OrchestrateRequestUseCase, ManageWorkflowStateUseCase, ?). Please make sure that the argument WorkflowDefinitionService at index [2] is available in the RootTestModule context.

Potential solutions:
- Is RootTestModule a valid NestJS module?
- If WorkflowDefinitionService is a provider, is it part of the current RootTestModule?
- If WorkflowDefinitionService is exported from a separate @Module, is that module imported within RootTestModule?
  @Module({
    imports: [ /* the Module containing WorkflowDefinitionService */ ]
  })

    at TestingInjector.lookupComponentInParentModules (/mnt/windows/Users/chris/Engineering/EnginEdge/enginedge-core/hexagon/node_modules/@nestjs/core/injector/injector.js:262:19)
    at processTicksAndRejections (node:internal/process/task_queues:103:5)
    at TestingInjector.resolveComponentInstance (/mnt/windows/Users/chris/Engineering/EnginEdge/enginedge-core/hexagon/node_modules/@nestjs/core/injector/injector.js:215:33)
    at TestingInjector.resolveComponentInstance (/mnt/windows/Users/chris/Engineering/EnginEdge/enginedge-core/hexagon/node_modules/@nestjs/testing/testing-injector.js:19:45)
    at resolveParam (/mnt/windows/Users/chris/Engineering/EnginEdge/enginedge-core/hexagon/node_modules/@nestjs/core/injector/injector.js:129:38)
    at async Promise.all (index 2)
    at TestingInjector.resolveConstructorParams (/mnt/windows/Users/chris/Engineering/EnginEdge/enginedge-core/hexagon/node_modules/@nestjs/core/injector/injector.js:144:27)
    at TestingInjector.loadInstance (/mnt/windows/Users/chris/Engineering/EnginEdge/enginedge-core/hexagon/node_modules/@nestjs/core/injector/injector.js:70:13)
    at TestingInjector.loadProvider (/mnt/windows/Users/chris/Engineering/EnginEdge/enginedge-core/hexagon/node_modules/@nestjs/core/injector/injector.js:98:9)
    at /mnt/windows/Users/chris/Engineering/EnginEdge/enginedge-core/hexagon/node_modules/@nestjs/core/injector/instance-loader.js:56:13
    at async Promise.all (index 3)
    at TestingInstanceLoader.createInstancesOfProviders (/mnt/windows/Users/chris/Engineering/EnginEdge/enginedge-core/hexagon/node_modules/@nestjs/core/injector/instance-loader.js:55:9)
    at /mnt/windows/Users/chris/Engineering/EnginEdge/enginedge-core/hexagon/node_modules/@nestjs/core/injector/instance-loader.js:40:13
    at async Promise.all (index 1)
    at TestingInstanceLoader.createInstances (/mnt/windows/Users/chris/Engineering/EnginEdge/enginedge-core/hexagon/node_modules/@nestjs/core/injector/instance-loader.js:39:9)
    at TestingInstanceLoader.createInstancesOfDependencies (/mnt/windows/Users/chris/Engineering/EnginEdge/enginedge-core/hexagon/node_modules/@nestjs/core/injector/instance-loader.js:22:13)
    at TestingInstanceLoader.createInstancesOfDependencies (/mnt/windows/Users/chris/Engineering/EnginEdge/enginedge-core/hexagon/node_modules/@nestjs/testing/testing-instance-loader.js:9:9)
    at TestingModuleBuilder.createInstancesOfDependencies (/mnt/windows/Users/chris/Engineering/EnginEdge/enginedge-core/hexagon/node_modules/@nestjs/testing/testing-module.builder.js:118:9)
    at TestingModuleBuilder.compile (/mnt/windows/Users/chris/Engineering/EnginEdge/enginedge-core/hexagon/node_modules/@nestjs/testing/testing-module.builder.js:74:9)
    at Object.&lt;anonymous&gt; (/mnt/windows/Users/chris/Engineering/EnginEdge/enginedge-core/hexagon/src/application/services/workflow-orchestration.service.spec.ts:21:35)</failure>
    </testcase>
  </testsuite>
  <testsuite name="KafkaProducerAdapter" errors="0" failures="2" skipped="0" timestamp="2026-01-14T04:12:19" time="28.587" tests="2">
    <testcase classname="KafkaProducerAdapter publish should publish message to Kafka topic" name="KafkaProducerAdapter publish should publish message to Kafka topic" time="0.033">
      <failure>Error: Nest can&apos;t resolve dependencies of the KafkaProducerAdapter (ConfigService, ?). Please make sure that the argument RequestContextService at index [1] is available in the RootTestModule context.

Potential solutions:
- Is RootTestModule a valid NestJS module?
- If RequestContextService is a provider, is it part of the current RootTestModule?
- If RequestContextService is exported from a separate @Module, is that module imported within RootTestModule?
  @Module({
    imports: [ /* the Module containing RequestContextService */ ]
  })

    at TestingInjector.lookupComponentInParentModules (/mnt/windows/Users/chris/Engineering/EnginEdge/enginedge-core/hexagon/node_modules/@nestjs/core/injector/injector.js:262:19)
    at processTicksAndRejections (node:internal/process/task_queues:103:5)
    at TestingInjector.resolveComponentInstance (/mnt/windows/Users/chris/Engineering/EnginEdge/enginedge-core/hexagon/node_modules/@nestjs/core/injector/injector.js:215:33)
    at TestingInjector.resolveComponentInstance (/mnt/windows/Users/chris/Engineering/EnginEdge/enginedge-core/hexagon/node_modules/@nestjs/testing/testing-injector.js:19:45)
    at resolveParam (/mnt/windows/Users/chris/Engineering/EnginEdge/enginedge-core/hexagon/node_modules/@nestjs/core/injector/injector.js:129:38)
    at async Promise.all (index 1)
    at TestingInjector.resolveConstructorParams (/mnt/windows/Users/chris/Engineering/EnginEdge/enginedge-core/hexagon/node_modules/@nestjs/core/injector/injector.js:144:27)
    at TestingInjector.loadInstance (/mnt/windows/Users/chris/Engineering/EnginEdge/enginedge-core/hexagon/node_modules/@nestjs/core/injector/injector.js:70:13)
    at TestingInjector.loadProvider (/mnt/windows/Users/chris/Engineering/EnginEdge/enginedge-core/hexagon/node_modules/@nestjs/core/injector/injector.js:98:9)
    at /mnt/windows/Users/chris/Engineering/EnginEdge/enginedge-core/hexagon/node_modules/@nestjs/core/injector/instance-loader.js:56:13
    at async Promise.all (index 3)
    at TestingInstanceLoader.createInstancesOfProviders (/mnt/windows/Users/chris/Engineering/EnginEdge/enginedge-core/hexagon/node_modules/@nestjs/core/injector/instance-loader.js:55:9)
    at /mnt/windows/Users/chris/Engineering/EnginEdge/enginedge-core/hexagon/node_modules/@nestjs/core/injector/instance-loader.js:40:13
    at async Promise.all (index 1)
    at TestingInstanceLoader.createInstances (/mnt/windows/Users/chris/Engineering/EnginEdge/enginedge-core/hexagon/node_modules/@nestjs/core/injector/instance-loader.js:39:9)
    at TestingInstanceLoader.createInstancesOfDependencies (/mnt/windows/Users/chris/Engineering/EnginEdge/enginedge-core/hexagon/node_modules/@nestjs/core/injector/instance-loader.js:22:13)
    at TestingInstanceLoader.createInstancesOfDependencies (/mnt/windows/Users/chris/Engineering/EnginEdge/enginedge-core/hexagon/node_modules/@nestjs/testing/testing-instance-loader.js:9:9)
    at TestingModuleBuilder.createInstancesOfDependencies (/mnt/windows/Users/chris/Engineering/EnginEdge/enginedge-core/hexagon/node_modules/@nestjs/testing/testing-module.builder.js:118:9)
    at TestingModuleBuilder.compile (/mnt/windows/Users/chris/Engineering/EnginEdge/enginedge-core/hexagon/node_modules/@nestjs/testing/testing-module.builder.js:74:9)
    at Object.&lt;anonymous&gt; (/mnt/windows/Users/chris/Engineering/EnginEdge/enginedge-core/hexagon/src/infrastructure/kafka/kafka-producer.adapter.spec.ts:34:35)</failure>
      <failure>TypeError: Cannot read properties of undefined (reading &apos;onModuleDestroy&apos;)
    at Object.&lt;anonymous&gt; (/mnt/windows/Users/chris/Engineering/EnginEdge/enginedge-core/hexagon/src/infrastructure/kafka/kafka-producer.adapter.spec.ts:49:19)
    at Promise.then.completed (/mnt/windows/Users/chris/Engineering/EnginEdge/enginedge-core/hexagon/node_modules/jest-circus/build/utils.js:298:28)
    at new Promise (&lt;anonymous&gt;)
    at callAsyncCircusFn (/mnt/windows/Users/chris/Engineering/EnginEdge/enginedge-core/hexagon/node_modules/jest-circus/build/utils.js:231:10)
    at _callCircusHook (/mnt/windows/Users/chris/Engineering/EnginEdge/enginedge-core/hexagon/node_modules/jest-circus/build/run.js:281:40)
    at processTicksAndRejections (node:internal/process/task_queues:103:5)
    at _runTest (/mnt/windows/Users/chris/Engineering/EnginEdge/enginedge-core/hexagon/node_modules/jest-circus/build/run.js:254:5)
    at _runTestsForDescribeBlock (/mnt/windows/Users/chris/Engineering/EnginEdge/enginedge-core/hexagon/node_modules/jest-circus/build/run.js:126:9)
    at _runTestsForDescribeBlock (/mnt/windows/Users/chris/Engineering/EnginEdge/enginedge-core/hexagon/node_modules/jest-circus/build/run.js:121:9)
    at _runTestsForDescribeBlock (/mnt/windows/Users/chris/Engineering/EnginEdge/enginedge-core/hexagon/node_modules/jest-circus/build/run.js:121:9)
    at run (/mnt/windows/Users/chris/Engineering/EnginEdge/enginedge-core/hexagon/node_modules/jest-circus/build/run.js:71:3)
    at runAndTransformResultsToJestFormat (/mnt/windows/Users/chris/Engineering/EnginEdge/enginedge-core/hexagon/node_modules/jest-circus/build/legacy-code-todo-rewrite/jestAdapterInit.js:122:21)
    at jestAdapter (/mnt/windows/Users/chris/Engineering/EnginEdge/enginedge-core/hexagon/node_modules/jest-circus/build/legacy-code-todo-rewrite/jestAdapter.js:79:19)
    at runTestInternal (/mnt/windows/Users/chris/Engineering/EnginEdge/enginedge-core/hexagon/node_modules/jest-runner/build/runTest.js:367:16)
    at runTest (/mnt/windows/Users/chris/Engineering/EnginEdge/enginedge-core/hexagon/node_modules/jest-runner/build/runTest.js:444:34)
    at Object.worker (/mnt/windows/Users/chris/Engineering/EnginEdge/enginedge-core/hexagon/node_modules/jest-runner/build/testWorker.js:108:12)</failure>
    </testcase>
    <testcase classname="KafkaProducerAdapter publish should throw error when producer not connected" name="KafkaProducerAdapter publish should throw error when producer not connected" time="0.009">
      <failure>Error: Nest can&apos;t resolve dependencies of the KafkaProducerAdapter (ConfigService, ?). Please make sure that the argument RequestContextService at index [1] is available in the RootTestModule context.

Potential solutions:
- Is RootTestModule a valid NestJS module?
- If RequestContextService is a provider, is it part of the current RootTestModule?
- If RequestContextService is exported from a separate @Module, is that module imported within RootTestModule?
  @Module({
    imports: [ /* the Module containing RequestContextService */ ]
  })

    at TestingInjector.lookupComponentInParentModules (/mnt/windows/Users/chris/Engineering/EnginEdge/enginedge-core/hexagon/node_modules/@nestjs/core/injector/injector.js:262:19)
    at processTicksAndRejections (node:internal/process/task_queues:103:5)
    at TestingInjector.resolveComponentInstance (/mnt/windows/Users/chris/Engineering/EnginEdge/enginedge-core/hexagon/node_modules/@nestjs/core/injector/injector.js:215:33)
    at TestingInjector.resolveComponentInstance (/mnt/windows/Users/chris/Engineering/EnginEdge/enginedge-core/hexagon/node_modules/@nestjs/testing/testing-injector.js:19:45)
    at resolveParam (/mnt/windows/Users/chris/Engineering/EnginEdge/enginedge-core/hexagon/node_modules/@nestjs/core/injector/injector.js:129:38)
    at async Promise.all (index 1)
    at TestingInjector.resolveConstructorParams (/mnt/windows/Users/chris/Engineering/EnginEdge/enginedge-core/hexagon/node_modules/@nestjs/core/injector/injector.js:144:27)
    at TestingInjector.loadInstance (/mnt/windows/Users/chris/Engineering/EnginEdge/enginedge-core/hexagon/node_modules/@nestjs/core/injector/injector.js:70:13)
    at TestingInjector.loadProvider (/mnt/windows/Users/chris/Engineering/EnginEdge/enginedge-core/hexagon/node_modules/@nestjs/core/injector/injector.js:98:9)
    at /mnt/windows/Users/chris/Engineering/EnginEdge/enginedge-core/hexagon/node_modules/@nestjs/core/injector/instance-loader.js:56:13
    at async Promise.all (index 3)
    at TestingInstanceLoader.createInstancesOfProviders (/mnt/windows/Users/chris/Engineering/EnginEdge/enginedge-core/hexagon/node_modules/@nestjs/core/injector/instance-loader.js:55:9)
    at /mnt/windows/Users/chris/Engineering/EnginEdge/enginedge-core/hexagon/node_modules/@nestjs/core/injector/instance-loader.js:40:13
    at async Promise.all (index 1)
    at TestingInstanceLoader.createInstances (/mnt/windows/Users/chris/Engineering/EnginEdge/enginedge-core/hexagon/node_modules/@nestjs/core/injector/instance-loader.js:39:9)
    at TestingInstanceLoader.createInstancesOfDependencies (/mnt/windows/Users/chris/Engineering/EnginEdge/enginedge-core/hexagon/node_modules/@nestjs/core/injector/instance-loader.js:22:13)
    at TestingInstanceLoader.createInstancesOfDependencies (/mnt/windows/Users/chris/Engineering/EnginEdge/enginedge-core/hexagon/node_modules/@nestjs/testing/testing-instance-loader.js:9:9)
    at TestingModuleBuilder.createInstancesOfDependencies (/mnt/windows/Users/chris/Engineering/EnginEdge/enginedge-core/hexagon/node_modules/@nestjs/testing/testing-module.builder.js:118:9)
    at TestingModuleBuilder.compile (/mnt/windows/Users/chris/Engineering/EnginEdge/enginedge-core/hexagon/node_modules/@nestjs/testing/testing-module.builder.js:74:9)
    at Object.&lt;anonymous&gt; (/mnt/windows/Users/chris/Engineering/EnginEdge/enginedge-core/hexagon/src/infrastructure/kafka/kafka-producer.adapter.spec.ts:34:35)</failure>
      <failure>TypeError: Cannot read properties of undefined (reading &apos;onModuleDestroy&apos;)
    at Object.&lt;anonymous&gt; (/mnt/windows/Users/chris/Engineering/EnginEdge/enginedge-core/hexagon/src/infrastructure/kafka/kafka-producer.adapter.spec.ts:49:19)
    at Promise.then.completed (/mnt/windows/Users/chris/Engineering/EnginEdge/enginedge-core/hexagon/node_modules/jest-circus/build/utils.js:298:28)
    at new Promise (&lt;anonymous&gt;)
    at callAsyncCircusFn (/mnt/windows/Users/chris/Engineering/EnginEdge/enginedge-core/hexagon/node_modules/jest-circus/build/utils.js:231:10)
    at _callCircusHook (/mnt/windows/Users/chris/Engineering/EnginEdge/enginedge-core/hexagon/node_modules/jest-circus/build/run.js:281:40)
    at processTicksAndRejections (node:internal/process/task_queues:103:5)
    at _runTest (/mnt/windows/Users/chris/Engineering/EnginEdge/enginedge-core/hexagon/node_modules/jest-circus/build/run.js:254:5)
    at _runTestsForDescribeBlock (/mnt/windows/Users/chris/Engineering/EnginEdge/enginedge-core/hexagon/node_modules/jest-circus/build/run.js:126:9)
    at _runTestsForDescribeBlock (/mnt/windows/Users/chris/Engineering/EnginEdge/enginedge-core/hexagon/node_modules/jest-circus/build/run.js:121:9)
    at _runTestsForDescribeBlock (/mnt/windows/Users/chris/Engineering/EnginEdge/enginedge-core/hexagon/node_modules/jest-circus/build/run.js:121:9)
    at run (/mnt/windows/Users/chris/Engineering/EnginEdge/enginedge-core/hexagon/node_modules/jest-circus/build/run.js:71:3)
    at runAndTransformResultsToJestFormat (/mnt/windows/Users/chris/Engineering/EnginEdge/enginedge-core/hexagon/node_modules/jest-circus/build/legacy-code-todo-rewrite/jestAdapterInit.js:122:21)
    at jestAdapter (/mnt/windows/Users/chris/Engineering/EnginEdge/enginedge-core/hexagon/node_modules/jest-circus/build/legacy-code-todo-rewrite/jestAdapter.js:79:19)
    at runTestInternal (/mnt/windows/Users/chris/Engineering/EnginEdge/enginedge-core/hexagon/node_modules/jest-runner/build/runTest.js:367:16)
    at runTest (/mnt/windows/Users/chris/Engineering/EnginEdge/enginedge-core/hexagon/node_modules/jest-runner/build/runTest.js:444:34)
    at Object.worker (/mnt/windows/Users/chris/Engineering/EnginEdge/enginedge-core/hexagon/node_modules/jest-runner/build/testWorker.js:108:12)</failure>
    </testcase>
  </testsuite>
  <testsuite name="OrchestrationController" errors="0" failures="3" skipped="0" timestamp="2026-01-14T04:12:19" time="28.187" tests="3">
    <testcase classname="OrchestrationController orchestrate should create orchestration request" name="OrchestrationController orchestrate should create orchestration request" time="0.033">
      <failure>Error: Nest can&apos;t resolve dependencies of the JwtAuthGuard (?). Please make sure that the argument JwtService at index [0] is available in the RootTestModule context.

Potential solutions:
- Is RootTestModule a valid NestJS module?
- If JwtService is a provider, is it part of the current RootTestModule?
- If JwtService is exported from a separate @Module, is that module imported within RootTestModule?
  @Module({
    imports: [ /* the Module containing JwtService */ ]
  })

    at TestingInjector.lookupComponentInParentModules (/mnt/windows/Users/chris/Engineering/EnginEdge/enginedge-core/hexagon/node_modules/@nestjs/core/injector/injector.js:262:19)
    at processTicksAndRejections (node:internal/process/task_queues:103:5)
    at TestingInjector.resolveComponentInstance (/mnt/windows/Users/chris/Engineering/EnginEdge/enginedge-core/hexagon/node_modules/@nestjs/core/injector/injector.js:215:33)
    at TestingInjector.resolveComponentInstance (/mnt/windows/Users/chris/Engineering/EnginEdge/enginedge-core/hexagon/node_modules/@nestjs/testing/testing-injector.js:19:45)
    at resolveParam (/mnt/windows/Users/chris/Engineering/EnginEdge/enginedge-core/hexagon/node_modules/@nestjs/core/injector/injector.js:129:38)
    at async Promise.all (index 0)
    at TestingInjector.resolveConstructorParams (/mnt/windows/Users/chris/Engineering/EnginEdge/enginedge-core/hexagon/node_modules/@nestjs/core/injector/injector.js:144:27)
    at TestingInjector.loadInstance (/mnt/windows/Users/chris/Engineering/EnginEdge/enginedge-core/hexagon/node_modules/@nestjs/core/injector/injector.js:70:13)
    at TestingInjector.loadInjectable (/mnt/windows/Users/chris/Engineering/EnginEdge/enginedge-core/hexagon/node_modules/@nestjs/core/injector/injector.js:94:9)
    at /mnt/windows/Users/chris/Engineering/EnginEdge/enginedge-core/hexagon/node_modules/@nestjs/core/injector/instance-loader.js:80:13
    at async Promise.all (index 0)
    at TestingInstanceLoader.createInstancesOfInjectables (/mnt/windows/Users/chris/Engineering/EnginEdge/enginedge-core/hexagon/node_modules/@nestjs/core/injector/instance-loader.js:79:9)
    at /mnt/windows/Users/chris/Engineering/EnginEdge/enginedge-core/hexagon/node_modules/@nestjs/core/injector/instance-loader.js:41:13
    at async Promise.all (index 1)
    at TestingInstanceLoader.createInstances (/mnt/windows/Users/chris/Engineering/EnginEdge/enginedge-core/hexagon/node_modules/@nestjs/core/injector/instance-loader.js:39:9)
    at TestingInstanceLoader.createInstancesOfDependencies (/mnt/windows/Users/chris/Engineering/EnginEdge/enginedge-core/hexagon/node_modules/@nestjs/core/injector/instance-loader.js:22:13)
    at TestingInstanceLoader.createInstancesOfDependencies (/mnt/windows/Users/chris/Engineering/EnginEdge/enginedge-core/hexagon/node_modules/@nestjs/testing/testing-instance-loader.js:9:9)
    at TestingModuleBuilder.createInstancesOfDependencies (/mnt/windows/Users/chris/Engineering/EnginEdge/enginedge-core/hexagon/node_modules/@nestjs/testing/testing-module.builder.js:118:9)
    at TestingModuleBuilder.compile (/mnt/windows/Users/chris/Engineering/EnginEdge/enginedge-core/hexagon/node_modules/@nestjs/testing/testing-module.builder.js:74:9)
    at Object.&lt;anonymous&gt; (/mnt/windows/Users/chris/Engineering/EnginEdge/enginedge-core/hexagon/src/infrastructure/orchestration/orchestration.controller.spec.ts:22:35)</failure>
    </testcase>
    <testcase classname="OrchestrationController getStatus should return request status" name="OrchestrationController getStatus should return request status" time="0.005">
      <failure>Error: Nest can&apos;t resolve dependencies of the JwtAuthGuard (?). Please make sure that the argument JwtService at index [0] is available in the RootTestModule context.

Potential solutions:
- Is RootTestModule a valid NestJS module?
- If JwtService is a provider, is it part of the current RootTestModule?
- If JwtService is exported from a separate @Module, is that module imported within RootTestModule?
  @Module({
    imports: [ /* the Module containing JwtService */ ]
  })

    at TestingInjector.lookupComponentInParentModules (/mnt/windows/Users/chris/Engineering/EnginEdge/enginedge-core/hexagon/node_modules/@nestjs/core/injector/injector.js:262:19)
    at processTicksAndRejections (node:internal/process/task_queues:103:5)
    at TestingInjector.resolveComponentInstance (/mnt/windows/Users/chris/Engineering/EnginEdge/enginedge-core/hexagon/node_modules/@nestjs/core/injector/injector.js:215:33)
    at TestingInjector.resolveComponentInstance (/mnt/windows/Users/chris/Engineering/EnginEdge/enginedge-core/hexagon/node_modules/@nestjs/testing/testing-injector.js:19:45)
    at resolveParam (/mnt/windows/Users/chris/Engineering/EnginEdge/enginedge-core/hexagon/node_modules/@nestjs/core/injector/injector.js:129:38)
    at async Promise.all (index 0)
    at TestingInjector.resolveConstructorParams (/mnt/windows/Users/chris/Engineering/EnginEdge/enginedge-core/hexagon/node_modules/@nestjs/core/injector/injector.js:144:27)
    at TestingInjector.loadInstance (/mnt/windows/Users/chris/Engineering/EnginEdge/enginedge-core/hexagon/node_modules/@nestjs/core/injector/injector.js:70:13)
    at TestingInjector.loadInjectable (/mnt/windows/Users/chris/Engineering/EnginEdge/enginedge-core/hexagon/node_modules/@nestjs/core/injector/injector.js:94:9)
    at /mnt/windows/Users/chris/Engineering/EnginEdge/enginedge-core/hexagon/node_modules/@nestjs/core/injector/instance-loader.js:80:13
    at async Promise.all (index 0)
    at TestingInstanceLoader.createInstancesOfInjectables (/mnt/windows/Users/chris/Engineering/EnginEdge/enginedge-core/hexagon/node_modules/@nestjs/core/injector/instance-loader.js:79:9)
    at /mnt/windows/Users/chris/Engineering/EnginEdge/enginedge-core/hexagon/node_modules/@nestjs/core/injector/instance-loader.js:41:13
    at async Promise.all (index 1)
    at TestingInstanceLoader.createInstances (/mnt/windows/Users/chris/Engineering/EnginEdge/enginedge-core/hexagon/node_modules/@nestjs/core/injector/instance-loader.js:39:9)
    at TestingInstanceLoader.createInstancesOfDependencies (/mnt/windows/Users/chris/Engineering/EnginEdge/enginedge-core/hexagon/node_modules/@nestjs/core/injector/instance-loader.js:22:13)
    at TestingInstanceLoader.createInstancesOfDependencies (/mnt/windows/Users/chris/Engineering/EnginEdge/enginedge-core/hexagon/node_modules/@nestjs/testing/testing-instance-loader.js:9:9)
    at TestingModuleBuilder.createInstancesOfDependencies (/mnt/windows/Users/chris/Engineering/EnginEdge/enginedge-core/hexagon/node_modules/@nestjs/testing/testing-module.builder.js:118:9)
    at TestingModuleBuilder.compile (/mnt/windows/Users/chris/Engineering/EnginEdge/enginedge-core/hexagon/node_modules/@nestjs/testing/testing-module.builder.js:74:9)
    at Object.&lt;anonymous&gt; (/mnt/windows/Users/chris/Engineering/EnginEdge/enginedge-core/hexagon/src/infrastructure/orchestration/orchestration.controller.spec.ts:22:35)</failure>
    </testcase>
    <testcase classname="OrchestrationController getStatus should throw error when request not found" name="OrchestrationController getStatus should throw error when request not found" time="0.004">
      <failure>Error: Nest can&apos;t resolve dependencies of the JwtAuthGuard (?). Please make sure that the argument JwtService at index [0] is available in the RootTestModule context.

Potential solutions:
- Is RootTestModule a valid NestJS module?
- If JwtService is a provider, is it part of the current RootTestModule?
- If JwtService is exported from a separate @Module, is that module imported within RootTestModule?
  @Module({
    imports: [ /* the Module containing JwtService */ ]
  })

    at TestingInjector.lookupComponentInParentModules (/mnt/windows/Users/chris/Engineering/EnginEdge/enginedge-core/hexagon/node_modules/@nestjs/core/injector/injector.js:262:19)
    at processTicksAndRejections (node:internal/process/task_queues:103:5)
    at TestingInjector.resolveComponentInstance (/mnt/windows/Users/chris/Engineering/EnginEdge/enginedge-core/hexagon/node_modules/@nestjs/core/injector/injector.js:215:33)
    at TestingInjector.resolveComponentInstance (/mnt/windows/Users/chris/Engineering/EnginEdge/enginedge-core/hexagon/node_modules/@nestjs/testing/testing-injector.js:19:45)
    at resolveParam (/mnt/windows/Users/chris/Engineering/EnginEdge/enginedge-core/hexagon/node_modules/@nestjs/core/injector/injector.js:129:38)
    at async Promise.all (index 0)
    at TestingInjector.resolveConstructorParams (/mnt/windows/Users/chris/Engineering/EnginEdge/enginedge-core/hexagon/node_modules/@nestjs/core/injector/injector.js:144:27)
    at TestingInjector.loadInstance (/mnt/windows/Users/chris/Engineering/EnginEdge/enginedge-core/hexagon/node_modules/@nestjs/core/injector/injector.js:70:13)
    at TestingInjector.loadInjectable (/mnt/windows/Users/chris/Engineering/EnginEdge/enginedge-core/hexagon/node_modules/@nestjs/core/injector/injector.js:94:9)
    at /mnt/windows/Users/chris/Engineering/EnginEdge/enginedge-core/hexagon/node_modules/@nestjs/core/injector/instance-loader.js:80:13
    at async Promise.all (index 0)
    at TestingInstanceLoader.createInstancesOfInjectables (/mnt/windows/Users/chris/Engineering/EnginEdge/enginedge-core/hexagon/node_modules/@nestjs/core/injector/instance-loader.js:79:9)
    at /mnt/windows/Users/chris/Engineering/EnginEdge/enginedge-core/hexagon/node_modules/@nestjs/core/injector/instance-loader.js:41:13
    at async Promise.all (index 1)
    at TestingInstanceLoader.createInstances (/mnt/windows/Users/chris/Engineering/EnginEdge/enginedge-core/hexagon/node_modules/@nestjs/core/injector/instance-loader.js:39:9)
    at TestingInstanceLoader.createInstancesOfDependencies (/mnt/windows/Users/chris/Engineering/EnginEdge/enginedge-core/hexagon/node_modules/@nestjs/core/injector/instance-loader.js:22:13)
    at TestingInstanceLoader.createInstancesOfDependencies (/mnt/windows/Users/chris/Engineering/EnginEdge/enginedge-core/hexagon/node_modules/@nestjs/testing/testing-instance-loader.js:9:9)
    at TestingModuleBuilder.createInstancesOfDependencies (/mnt/windows/Users/chris/Engineering/EnginEdge/enginedge-core/hexagon/node_modules/@nestjs/testing/testing-module.builder.js:118:9)
    at TestingModuleBuilder.compile (/mnt/windows/Users/chris/Engineering/EnginEdge/enginedge-core/hexagon/node_modules/@nestjs/testing/testing-module.builder.js:74:9)
    at Object.&lt;anonymous&gt; (/mnt/windows/Users/chris/Engineering/EnginEdge/enginedge-core/hexagon/src/infrastructure/orchestration/orchestration.controller.spec.ts:22:35)</failure>
    </testcase>
  </testsuite>
  <testsuite name="MongoDbRequestRepository" errors="0" failures="1" skipped="0" timestamp="2026-01-14T04:12:19" time="29.194" tests="4">
    <testcase classname="MongoDbRequestRepository save should save request to database" name="MongoDbRequestRepository save should save request to database" time="0.042">
    </testcase>
    <testcase classname="MongoDbRequestRepository findById should find request by id" name="MongoDbRequestRepository findById should find request by id" time="0.006">
    </testcase>
    <testcase classname="MongoDbRequestRepository findById should return null when request not found" name="MongoDbRequestRepository findById should return null when request not found" time="0.01">
    </testcase>
    <testcase classname="MongoDbRequestRepository updateStatus should update request status" name="MongoDbRequestRepository updateStatus should update request status" time="0.01">
      <failure>Error: expect(jest.fn()).toHaveBeenCalledWith(...expected)

- Expected
+ Received

  {&quot;id&quot;: &quot;req-1&quot;},
  {&quot;completedAt&quot;: 2026-01-14T04:12:48.825Z, &quot;result&quot;: {&quot;result&quot;: &quot;test&quot;}, &quot;status&quot;: &quot;completed&quot;, &quot;updatedAt&quot;: 2026-01-14T04:12:48.825Z},
- Any&lt;Object&gt;,

Number of calls: 1
    at Object.&lt;anonymous&gt; (/mnt/windows/Users/chris/Engineering/EnginEdge/enginedge-core/hexagon/src/infrastructure/repositories/mongodb-request.repository.spec.ts:97:42)
    at processTicksAndRejections (node:internal/process/task_queues:103:5)</failure>
    </testcase>
  </testsuite>
</testsuites>